{"C:\\Users\\User\\Desktop\\react-native-projects\\recipeFinder\\store\\recipeslice.js": {"path":"C:\\Users\\User\\Desktop\\react-native-projects\\recipeFinder\\store\\recipeslice.js","statementMap":{"0":{"start":{"line":4,"column":21},"end":{"line":8,"column":1}},"1":{"start":{"line":10,"column":29},"end":{"line":28,"column":1}},"2":{"start":{"line":14,"column":8},"end":{"line":26,"column":9}},"3":{"start":{"line":15,"column":29},"end":{"line":15,"column":175}},"4":{"start":{"line":16,"column":12},"end":{"line":21,"column":15}},"5":{"start":{"line":17,"column":16},"end":{"line":20,"column":18}},"6":{"start":{"line":23,"column":12},"end":{"line":23,"column":33}},"7":{"start":{"line":25,"column":12},"end":{"line":25,"column":56}},"8":{"start":{"line":30,"column":29},"end":{"line":49,"column":2}},"9":{"start":{"line":35,"column":8},"end":{"line":47,"column":15}},"10":{"start":{"line":37,"column":16},"end":{"line":37,"column":37}},"11":{"start":{"line":38,"column":16},"end":{"line":38,"column":35}},"12":{"start":{"line":41,"column":16},"end":{"line":41,"column":38}},"13":{"start":{"line":42,"column":16},"end":{"line":42,"column":48}},"14":{"start":{"line":45,"column":16},"end":{"line":45,"column":38}},"15":{"start":{"line":46,"column":16},"end":{"line":46,"column":74}}},"fnMap":{"0":{"name":"(anonymous_0)","decl":{"start":{"line":12,"column":4},"end":{"line":12,"column":5}},"loc":{"start":{"line":12,"column":57},"end":{"line":27,"column":5}},"line":12},"1":{"name":"(anonymous_1)","decl":{"start":{"line":16,"column":56},"end":{"line":16,"column":57}},"loc":{"start":{"line":16,"column":68},"end":{"line":21,"column":13}},"line":16},"2":{"name":"(anonymous_2)","decl":{"start":{"line":34,"column":19},"end":{"line":34,"column":20}},"loc":{"start":{"line":34,"column":32},"end":{"line":48,"column":5}},"line":34},"3":{"name":"(anonymous_3)","decl":{"start":{"line":36,"column":44},"end":{"line":36,"column":45}},"loc":{"start":{"line":36,"column":55},"end":{"line":39,"column":13}},"line":36},"4":{"name":"(anonymous_4)","decl":{"start":{"line":40,"column":46},"end":{"line":40,"column":47}},"loc":{"start":{"line":40,"column":65},"end":{"line":43,"column":13}},"line":40},"5":{"name":"(anonymous_5)","decl":{"start":{"line":44,"column":45},"end":{"line":44,"column":46}},"loc":{"start":{"line":44,"column":64},"end":{"line":47,"column":13}},"line":44}},"branchMap":{"0":{"loc":{"start":{"line":46,"column":30},"end":{"line":46,"column":73}},"type":"binary-expr","locations":[{"start":{"line":46,"column":30},"end":{"line":46,"column":44}},{"start":{"line":46,"column":48},"end":{"line":46,"column":73}}],"line":46}},"s":{"0":1,"1":1,"2":2,"3":2,"4":1,"5":1,"6":1,"7":1,"8":1,"9":1,"10":2,"11":2,"12":1,"13":1,"14":1,"15":1},"f":{"0":2,"1":1,"2":1,"3":2,"4":1,"5":1},"b":{"0":[1,1]},"_coverageSchema":"1a1c01bbd47fc00a2c39e90264f33305004495a9","hash":"182616abe926665208619f8fcbd62a003b48cfb5"}
,"C:\\Users\\User\\Desktop\\react-native-projects\\recipeFinder\\store\\tests\\storeMockData.js": {"path":"C:\\Users\\User\\Desktop\\react-native-projects\\recipeFinder\\store\\tests\\storeMockData.js","statementMap":{"0":{"start":{"line":1,"column":30},"end":{"line":82,"column":1}}},"fnMap":{},"branchMap":{},"s":{"0":1},"f":{},"b":{},"_coverageSchema":"1a1c01bbd47fc00a2c39e90264f33305004495a9","hash":"5d8dd81b7793cd3d74c9bd01d588f016aa6249fd"}
}
