TN:
SF:store\recipeslice.js
FN:12,(anonymous_0)
FN:16,(anonymous_1)
FN:34,(anonymous_2)
FN:36,(anonymous_3)
FN:40,(anonymous_4)
FN:44,(anonymous_5)
FNF:6
FNH:6
FNDA:2,(anonymous_0)
FNDA:1,(anonymous_1)
FNDA:1,(anonymous_2)
FNDA:2,(anonymous_3)
FNDA:1,(anonymous_4)
FNDA:1,(anonymous_5)
DA:4,1
DA:10,1
DA:14,2
DA:15,2
DA:16,1
DA:17,1
DA:23,1
DA:25,1
DA:30,1
DA:35,1
DA:37,2
DA:38,2
DA:41,1
DA:42,1
DA:45,1
DA:46,1
LF:16
LH:16
BRDA:46,0,0,1
BRDA:46,0,1,1
BRF:2
BRH:2
end_of_record
TN:
SF:store\tests\storeMockData.js
FNF:0
FNH:0
DA:1,1
LF:1
LH:1
BRF:0
BRH:0
end_of_record
